This is XeTeX, Version 3.141592653-2.6-0.999997 (TeX Live 2025) (preloaded format=xelatex 2025.3.29)  18 JAN 2026 00:53
entering extended mode
 restricted \write18 enabled.
 file:line:error style messages enabled.
 %&-line parsing enabled.
**/Users/hongjan/Documents/book-wongjim/wongjim
(/Users/hongjan/Documents/book-wongjim/wongjim.tex
LaTeX2e <2024-11-01> patch level 2
L3 programming layer <2025-01-18>
(/usr/local/texlive/2025/texmf-dist/tex/latex/base/book.cls
Document Class: book 2024/06/29 v1.4n Standard LaTeX document class
(/usr/local/texlive/2025/texmf-dist/tex/latex/base/bk10.clo
File: bk10.clo 2024/06/29 v1.4n Standard LaTeX file (size option)
)
\c@part=\count192
\c@chapter=\count193
\c@section=\count194
\c@subsection=\count195
\c@subsubsection=\count196
\c@paragraph=\count197
\c@subparagraph=\count198
\c@figure=\count199
\c@table=\count266
\abovecaptionskip=\skip49
\belowcaptionskip=\skip50
\bibindent=\dimen141
) (/usr/local/texlive/2025/texmf-dist/tex/latex/geometry/geometry.sty
Package: geometry 2020/01/02 v5.9 Page Geometry
 (/usr/local/texlive/2025/texmf-dist/tex/latex/graphics/keyval.sty
Package: keyval 2022/05/29 v1.15 key=value parser (DPC)
\KV@toks@=\toks17
) (/usr/local/texlive/2025/texmf-dist/tex/generic/iftex/ifvtex.sty
Package: ifvtex 2019/10/25 v1.7 ifvtex legacy package. Use iftex instead.
 (/usr/local/texlive/2025/texmf-dist/tex/generic/iftex/iftex.sty
Package: iftex 2024/12/12 v1.0g TeX engine tests
))
\Gm@cnth=\count267
\Gm@cntv=\count268
\c@Gm@tempcnt=\count269
\Gm@bindingoffset=\dimen142
\Gm@wd@mp=\dimen143
\Gm@odd@mp=\dimen144
\Gm@even@mp=\dimen145
\Gm@layoutwidth=\dimen146
\Gm@layoutheight=\dimen147
\Gm@layouthoffset=\dimen148
\Gm@layoutvoffset=\dimen149
\Gm@dimlist=\toks18
) (/usr/local/texlive/2025/texmf-dist/tex/latex/base/inputenc.sty
Package: inputenc 2024/02/08 v1.3d Input encoding file
\inpenc@prehook=\toks19
\inpenc@posthook=\toks20


Package inputenc Warning: inputenc package ignored with utf8 based engines.

) (/usr/local/texlive/2025/texmf-dist/tex/latex/ctex/ctex.sty (/usr/local/texlive/2025/texmf-dist/tex/latex/l3kernel/expl3.sty
Package: expl3 2025-01-18 L3 programming layer (loader) 
 (/usr/local/texlive/2025/texmf-dist/tex/latex/l3backend/l3backend-xetex.def
File: l3backend-xetex.def 2024-05-08 L3 backend support: XeTeX
\g__graphics_track_int=\count270
\l__pdf_internal_box=\box52
\g__pdf_backend_annotation_int=\count271
\g__pdf_backend_link_int=\count272
))
Package: ctex 2022/07/14 v2.5.10 Chinese adapter in LaTeX (CTEX)
 (/usr/local/texlive/2025/texmf-dist/tex/latex/ctex/ctexhook.sty
Package: ctexhook 2022/07/14 v2.5.10 Document and package hooks (CTEX)
) (/usr/local/texlive/2025/texmf-dist/tex/latex/ctex/ctexpatch.sty
Package: ctexpatch 2022/07/14 v2.5.10 Patching commands (CTEX)
) (/usr/local/texlive/2025/texmf-dist/tex/latex/base/fix-cm.sty
Package: fix-cm 2020/11/24 v1.1t fixes to LaTeX
 (/usr/local/texlive/2025/texmf-dist/tex/latex/base/ts1enc.def
File: ts1enc.def 2001/06/05 v3.0e (jk/car/fm) Standard LaTeX file
LaTeX Font Info:    Redeclaring font encoding TS1 on input line 47.
))
\l__ctex_tmp_int=\count273
\l__ctex_tmp_box=\box53
\l__ctex_tmp_dim=\dimen150
\g__ctex_section_depth_int=\count274
\g__ctex_font_size_int=\count275
 (/usr/local/texlive/2025/texmf-dist/tex/latex/ctex/config/ctexopts.cfg
File: ctexopts.cfg 2022/07/14 v2.5.10 Option configuration file (CTEX)
) (/usr/local/texlive/2025/texmf-dist/tex/latex/ctex/engine/ctex-engine-xetex.def
File: ctex-engine-xetex.def 2022/07/14 v2.5.10 XeLaTeX adapter (CTEX)
 (/usr/local/texlive/2025/texmf-dist/tex/xelatex/xecjk/xeCJK.sty
Package: xeCJK 2022/08/05 v3.9.1 Typesetting CJK scripts with XeLaTeX
 (/usr/local/texlive/2025/texmf-dist/tex/latex/l3packages/xtemplate/xtemplate.sty
Package: xtemplate 2024-08-16 L3 Experimental prototype document functions
)
\l__xeCJK_tmp_int=\count276
\l__xeCJK_tmp_box=\box54
\l__xeCJK_tmp_dim=\dimen151
\l__xeCJK_tmp_skip=\skip51
\g__xeCJK_space_factor_int=\count277
\l__xeCJK_begin_int=\count278
\l__xeCJK_end_int=\count279
\c__xeCJK_CJK_class_int=\XeTeXcharclass1
\c__xeCJK_FullLeft_class_int=\XeTeXcharclass2
\c__xeCJK_FullRight_class_int=\XeTeXcharclass3
\c__xeCJK_HalfLeft_class_int=\XeTeXcharclass4
\c__xeCJK_HalfRight_class_int=\XeTeXcharclass5
\c__xeCJK_NormalSpace_class_int=\XeTeXcharclass6
\c__xeCJK_CM_class_int=\XeTeXcharclass7
\c__xeCJK_HangulJamo_class_int=\XeTeXcharclass8
\l__xeCJK_last_skip=\skip52
\c__xeCJK_none_node=\count280
\g__xeCJK_node_int=\count281
\c__xeCJK_CJK_node_dim=\dimen152
\c__xeCJK_CJK-space_node_dim=\dimen153
\c__xeCJK_default_node_dim=\dimen154
\c__xeCJK_CJK-widow_node_dim=\dimen155
\c__xeCJK_normalspace_node_dim=\dimen156
\c__xeCJK_default-space_node_skip=\skip53
\l__xeCJK_ccglue_skip=\skip54
\l__xeCJK_ecglue_skip=\skip55
\l__xeCJK_punct_kern_skip=\skip56
\l__xeCJK_indent_box=\box55
\l__xeCJK_last_penalty_int=\count282
\l__xeCJK_last_bound_dim=\dimen157
\l__xeCJK_last_kern_dim=\dimen158
\l__xeCJK_widow_penalty_int=\count283

LaTeX template Info: Declaring template type 'xeCJK/punctuation' taking 0
(template)           argument(s) on line 2396.

\l__xeCJK_fixed_punct_width_dim=\dimen159
\l__xeCJK_mixed_punct_width_dim=\dimen160
\l__xeCJK_middle_punct_width_dim=\dimen161
\l__xeCJK_fixed_margin_width_dim=\dimen162
\l__xeCJK_mixed_margin_width_dim=\dimen163
\l__xeCJK_middle_margin_width_dim=\dimen164
\l__xeCJK_bound_punct_width_dim=\dimen165
\l__xeCJK_bound_margin_width_dim=\dimen166
\l__xeCJK_margin_minimum_dim=\dimen167
\l__xeCJK_kerning_total_width_dim=\dimen168
\l__xeCJK_same_align_margin_dim=\dimen169
\l__xeCJK_different_align_margin_dim=\dimen170
\l__xeCJK_kerning_margin_width_dim=\dimen171
\l__xeCJK_kerning_margin_minimum_dim=\dimen172
\l__xeCJK_bound_dim=\dimen173
\l__xeCJK_reverse_bound_dim=\dimen174
\l__xeCJK_margin_dim=\dimen175
\l__xeCJK_minimum_bound_dim=\dimen176
\l__xeCJK_kerning_margin_dim=\dimen177
\g__xeCJK_family_int=\count284
\l__xeCJK_fam_int=\count285
\g__xeCJK_fam_allocation_int=\count286
\l__xeCJK_verb_case_int=\count287
\l__xeCJK_verb_exspace_skip=\skip57
 (/usr/local/texlive/2025/texmf-dist/tex/latex/fontspec/fontspec.sty (/usr/local/texlive/2025/texmf-dist/tex/latex/l3packages/xparse/xparse.sty
Package: xparse 2024-08-16 L3 Experimental document command parser
)
Package: fontspec 2024/05/11 v2.9e Font selection for XeLaTeX and LuaLaTeX
 (/usr/local/texlive/2025/texmf-dist/tex/latex/fontspec/fontspec-xetex.sty
Package: fontspec-xetex 2024/05/11 v2.9e Font selection for XeLaTeX and LuaLaTeX
\l__fontspec_script_int=\count288
\l__fontspec_language_int=\count289
\l__fontspec_strnum_int=\count290
\l__fontspec_tmp_int=\count291
\l__fontspec_tmpa_int=\count292
\l__fontspec_tmpb_int=\count293
\l__fontspec_tmpc_int=\count294
\l__fontspec_em_int=\count295
\l__fontspec_emdef_int=\count296
\l__fontspec_strong_int=\count297
\l__fontspec_strongdef_int=\count298
\l__fontspec_tmpa_dim=\dimen178
\l__fontspec_tmpb_dim=\dimen179
\l__fontspec_tmpc_dim=\dimen180
 (/usr/local/texlive/2025/texmf-dist/tex/latex/base/fontenc.sty
Package: fontenc 2021/04/29 v2.0v Standard LaTeX package
) (/usr/local/texlive/2025/texmf-dist/tex/latex/fontspec/fontspec.cfg))) (/usr/local/texlive/2025/texmf-dist/tex/xelatex/xecjk/xeCJK.cfg
File: xeCJK.cfg 2022/08/05 v3.9.1 Configuration file for xeCJK package
))
\ccwd=\dimen181
\l__ctex_ccglue_skip=\skip58
)
\l__ctex_ziju_dim=\dimen182
 (/usr/local/texlive/2025/texmf-dist/tex/latex/zhnumber/zhnumber.sty
Package: zhnumber 2022/07/14 v3.0 Typesetting numbers with Chinese glyphs
\l__zhnum_scale_int=\count299
\l__zhnum_tmp_int=\count300
 (/usr/local/texlive/2025/texmf-dist/tex/latex/zhnumber/zhnumber-utf8.cfg
File: zhnumber-utf8.cfg 2022/07/14 v3.0 Chinese numerals with UTF8 encoding
)) (/usr/local/texlive/2025/texmf-dist/tex/latex/ctex/scheme/ctex-scheme-chinese.def
File: ctex-scheme-chinese.def 2022/07/14 v2.5.10 Chinese scheme for generic (CTEX)
 (/usr/local/texlive/2025/texmf-dist/tex/latex/ctex/config/ctex-name-utf8.cfg
File: ctex-name-utf8.cfg 2022/07/14 v2.5.10 Caption with encoding UTF-8 (CTEX)
)) (/usr/local/texlive/2025/texmf-dist/tex/latex/tools/indentfirst.sty
Package: indentfirst 2023/07/02 v1.03 Indent first paragraph (DPC)
) (/usr/local/texlive/2025/texmf-dist/tex/latex/ctex/fontset/ctex-fontset-mac.def
File: ctex-fontset-mac.def 2022/07/14 v2.5.10 macOS fonts definition (CTEX)
 (/usr/local/texlive/2025/texmf-dist/tex/latex/ctex/fontset/ctex-fontset-macold.def
File: ctex-fontset-macold.def 2022/07/14 v2.5.10 macOS fonts definition for Yosemite or earlier version (CTEX)

Package fontspec Info: 
(fontspec)             Script 'CJK' not explicitly supported within font
(fontspec)             'STSong'. Check the typeset output, and if it is okay
(fontspec)             then ignore this warning. Otherwise a different font
(fontspec)             should be chosen.


Package fontspec Info: 
(fontspec)             Could not resolve font "STKaiti/B" (it probably doesn't
(fontspec)             exist).


Package fontspec Info: 
(fontspec)             Could not resolve font "STHeiti/I" (it probably doesn't
(fontspec)             exist).


Package fontspec Info: 
(fontspec)             Could not resolve font "STSong/BI" (it probably doesn't
(fontspec)             exist).


Package fontspec Info: 
(fontspec)             Font family 'STSong(0)' created for font 'STSong' with
(fontspec)             options
(fontspec)             [Script={CJK},BoldFont={STHeiti},ItalicFont={STKaiti}].
(fontspec)              
(fontspec)              This font family consists of the following NFSS
(fontspec)             series/shapes:
(fontspec)              
(fontspec)             - 'normal' (m/n) with NFSS spec.:
(fontspec)             <->"STSong/OT:script=hani;language=dflt;"
(fontspec)             - 'bold' (b/n) with NFSS spec.:
(fontspec)             <->"STHeiti/OT:script=hani;language=dflt;"
(fontspec)             - 'italic' (m/it) with NFSS spec.:
(fontspec)             <->"STKaiti/OT:script=hani;language=dflt;"

))) (/usr/local/texlive/2025/texmf-dist/tex/latex/ctex/config/ctex.cfg
File: ctex.cfg 2022/07/14 v2.5.10 Configuration file (CTEX)
) (/usr/local/texlive/2025/texmf-dist/tex/latex/fancyhdr/fancyhdr.sty
Package: fancyhdr 2025/02/07 v5.2 Extensive control of page headers and footers
\f@nch@headwidth=\skip59
\f@nch@offset@elh=\skip60
\f@nch@offset@erh=\skip61
\f@nch@offset@olh=\skip62
\f@nch@offset@orh=\skip63
\f@nch@offset@elf=\skip64
\f@nch@offset@erf=\skip65
\f@nch@offset@olf=\skip66
\f@nch@offset@orf=\skip67
\f@nch@height=\skip68
\f@nch@footalignment=\skip69
\f@nch@widthL=\skip70
\f@nch@widthC=\skip71
\f@nch@widthR=\skip72
\@temptokenb=\toks21
) (./preamble/main.tex

Package xeCJK Warning: Redefining CJKfamily `\CJKrmdefault' (STSong(0)).


Package fontspec Info: 
(fontspec)             Could not resolve font "BabelStone Han/BI" (it probably
(fontspec)             doesn't exist).


Package fontspec Info: 
(fontspec)             Could not resolve font "BabelStone Han/B" (it probably
(fontspec)             doesn't exist).


Package fontspec Info: 
(fontspec)             Could not resolve font "BabelStone Han/I" (it probably
(fontspec)             doesn't exist).


Package fontspec Info: 
(fontspec)             Font family 'BabelStoneHan(0)' created for font
(fontspec)             'BabelStone Han' with options [Script={CJK}].
(fontspec)              
(fontspec)              This font family consists of the following NFSS
(fontspec)             series/shapes:
(fontspec)              
(fontspec)             - 'normal' (m/n) with NFSS spec.: <->"BabelStone
(fontspec)             Han/OT:script=hani;language=dflt;"


Package fontspec Info: 
(fontspec)             Font family 'JyutcitziWithPMingLiURegular(0)' created
(fontspec)             for font 'JyutcitziWithPMingLiURegular' with options
(fontspec)             [Path = ../fonts/,Extension = .ttf].
(fontspec)              
(fontspec)              This font family consists of the following NFSS
(fontspec)             series/shapes:
(fontspec)              
(fontspec)             - 'normal' (m/n) with NFSS spec.:
(fontspec)             <->"[../fonts/JyutcitziWithPMingLiURegular.ttf]/OT:language=dflt;"


Package fontspec Info: 
(fontspec)             Font family 'JyutcitziWithSourceHanSerifTCRegular(0)'
(fontspec)             created for font 'JyutcitziWithSourceHanSerifTCRegular'
(fontspec)             with options [Path = ../fonts/,Extension = .ttf].
(fontspec)              
(fontspec)              This font family consists of the following NFSS
(fontspec)             series/shapes:
(fontspec)              
(fontspec)             - 'normal' (m/n) with NFSS spec.:
(fontspec)             <->"[../fonts/JyutcitziWithSourceHanSerifTCRegular.ttf]/OT:script=latn;language=dflt;"


Package fontspec Info: 
(fontspec)             Font family 'batang(0)' created for font 'batang' with
(fontspec)             options [Path = ../fonts/,Extension = .ttf].
(fontspec)              
(fontspec)              This font family consists of the following NFSS
(fontspec)             series/shapes:
(fontspec)              
(fontspec)             - 'normal' (m/n) with NFSS spec.:
(fontspec)             <->"[../fonts/batang.ttf]/OT:language=dflt;"

(/usr/local/texlive/2025/texmf-dist/tex/latex/epigraph/epigraph.sty
Package: epigraph 2020/01/02 v1.5e typesetting epigraphs
 (/usr/local/texlive/2025/texmf-dist/tex/latex/nextpage/nextpage.sty
Package: nextpage 2009/09/03 v1.1a additional page commands
)
\beforeepigraphskip=\skip73
\afterepigraphskip=\skip74
\epigraphwidth=\skip75
\epigraphrule=\skip76
) (/usr/local/texlive/2025/texmf-dist/tex/latex/enumitem/enumitem.sty
Package: enumitem 2025/02/06 v3.11 Customized lists
\labelindent=\skip77
\enit@outerparindent=\dimen183
\enit@toks=\toks22
\enit@inbox=\box56
\enit@count@id=\count301
\enitdp@description=\count302
) (/usr/local/texlive/2025/texmf-dist/tex/latex/amsmath/amsmath.sty
Package: amsmath 2024/11/05 v2.17t AMS math features
\@mathmargin=\skip78

For additional information on amsmath, use the `?' option.
(/usr/local/texlive/2025/texmf-dist/tex/latex/amsmath/amstext.sty
Package: amstext 2021/08/26 v2.01 AMS text
 (/usr/local/texlive/2025/texmf-dist/tex/latex/amsmath/amsgen.sty
File: amsgen.sty 1999/11/30 v2.0 generic functions
\@emptytoks=\toks23
\ex@=\dimen184
)) (/usr/local/texlive/2025/texmf-dist/tex/latex/amsmath/amsbsy.sty
Package: amsbsy 1999/11/29 v1.2d Bold Symbols
\pmbraise@=\dimen185
) (/usr/local/texlive/2025/texmf-dist/tex/latex/amsmath/amsopn.sty
Package: amsopn 2022/04/08 v2.04 operator names
)
\inf@bad=\count303
LaTeX Info: Redefining \frac on input line 233.
\uproot@=\count304
\leftroot@=\count305
LaTeX Info: Redefining \overline on input line 398.
LaTeX Info: Redefining \colon on input line 409.
\classnum@=\count306
\DOTSCASE@=\count307
LaTeX Info: Redefining \ldots on input line 495.
LaTeX Info: Redefining \dots on input line 498.
LaTeX Info: Redefining \cdots on input line 619.
\Mathstrutbox@=\box57
\strutbox@=\box58
LaTeX Info: Redefining \big on input line 721.
LaTeX Info: Redefining \Big on input line 722.
LaTeX Info: Redefining \bigg on input line 723.
LaTeX Info: Redefining \Bigg on input line 724.
\big@size=\dimen186
LaTeX Font Info:    Redeclaring font encoding OML on input line 742.
LaTeX Font Info:    Redeclaring font encoding OMS on input line 743.
\macc@depth=\count308
LaTeX Info: Redefining \bmod on input line 904.
LaTeX Info: Redefining \pmod on input line 909.
LaTeX Info: Redefining \smash on input line 939.
LaTeX Info: Redefining \relbar on input line 969.
LaTeX Info: Redefining \Relbar on input line 970.
\c@MaxMatrixCols=\count309
\dotsspace@=\muskip17
\c@parentequation=\count310
\dspbrk@lvl=\count311
\tag@help=\toks24
\row@=\count312
\column@=\count313
\maxfields@=\count314
\andhelp@=\toks25
\eqnshift@=\dimen187
\alignsep@=\dimen188
\tagshift@=\dimen189
\tagwidth@=\dimen190
\totwidth@=\dimen191
\lineht@=\dimen192
\@envbody=\toks26
\multlinegap=\skip79
\multlinetaggap=\skip80
\mathdisplay@stack=\toks27
LaTeX Info: Redefining \[ on input line 2953.
LaTeX Info: Redefining \] on input line 2954.
) (/usr/local/texlive/2025/texmf-dist/tex/latex/amsfonts/amssymb.sty
Package: amssymb 2013/01/14 v3.01 AMS font symbols
 (/usr/local/texlive/2025/texmf-dist/tex/latex/amsfonts/amsfonts.sty
Package: amsfonts 2013/01/14 v3.01 Basic AMSFonts support
\symAMSa=\mathgroup4
\symAMSb=\mathgroup5
LaTeX Font Info:    Redeclaring math symbol \hbar on input line 98.
LaTeX Font Info:    Overwriting math alphabet `\mathfrak' in version `bold'
(Font)                  U/euf/m/n --> U/euf/b/n on input line 106.
)) (/usr/local/texlive/2025/texmf-dist/tex/latex/graphics/graphicx.sty
Package: graphicx 2021/09/16 v1.2d Enhanced LaTeX Graphics (DPC,SPQR)
 (/usr/local/texlive/2025/texmf-dist/tex/latex/graphics/graphics.sty
Package: graphics 2024/08/06 v1.4g Standard LaTeX Graphics (DPC,SPQR)
 (/usr/local/texlive/2025/texmf-dist/tex/latex/graphics/trig.sty
Package: trig 2023/12/02 v1.11 sin cos tan (DPC)
) (/usr/local/texlive/2025/texmf-dist/tex/latex/graphics-cfg/graphics.cfg
File: graphics.cfg 2016/06/04 v1.11 sample graphics configuration
)
Package graphics Info: Driver file: xetex.def on input line 106.
 (/usr/local/texlive/2025/texmf-dist/tex/latex/graphics-def/xetex.def
File: xetex.def 2022/09/22 v5.0n Graphics/color driver for xetex
))
\Gin@req@height=\dimen193
\Gin@req@width=\dimen194
) (/usr/local/texlive/2025/texmf-dist/tex/latex/tools/array.sty
Package: array 2024/10/17 v2.6g Tabular extension package (FMi)
\col@sep=\dimen195
\ar@mcellbox=\box59
\extrarowheight=\dimen196
\NC@list=\toks28
\extratabsurround=\skip81
\backup@length=\skip82
\ar@cellbox=\box60
) (/usr/local/texlive/2025/texmf-dist/tex/latex/tools/tabularx.sty
Package: tabularx 2023/12/11 v2.12a `tabularx' package (DPC)
\TX@col@width=\dimen197
\TX@old@table=\dimen198
\TX@old@col=\dimen199
\TX@target=\dimen256
\TX@delta=\dimen257
\TX@cols=\count315
\TX@ftn=\toks29
) (/usr/local/texlive/2025/texmf-dist/tex/latex/tabularray/tabularray.sty
Package: tabularray 2024-02-16 v2024A Typeset tabulars and arrays with LaTeX3
\l__tblr_a_int=\count316
\l__tblr_c_int=\count317
\l__tblr_r_int=\count318
\l__tblr_d_dim=\dimen258
\l__tblr_h_dim=\dimen259
\l__tblr_o_dim=\dimen260
\l__tblr_p_dim=\dimen261
\l__tblr_q_dim=\dimen262
\l__tblr_r_dim=\dimen263
\l__tblr_s_dim=\dimen264
\l__tblr_t_dim=\dimen265
\l__tblr_v_dim=\dimen266
\l__tblr_w_dim=\dimen267
\l__tblr_a_box=\box61
\l__tblr_b_box=\box62
\l__tblr_c_box=\box63
\l__tblr_d_box=\box64
\g__tblr_table_count_int=\count319
\c@rownum=\count320
\c@colnum=\count321
\c@rowcount=\count322
\c@colcount=\count323
\abovesep=\dimen268
\belowsep=\dimen269
\leftsep=\dimen270
\rightsep=\dimen271
\g_tblr_level_int=\count324
\g__tblr_data_row_key_count_int=\count325
\g__tblr_data_column_key_count_int=\count326
\g__tblr_data_cell_key_count_int=\count327
\g__tblr_array_int=\count328
\l__tblr_key_count_int=\count329
\l__tblr_key_quotient_int=\count330
\l__tblr_key_quotient_two_int=\count331
\l__tblr_key_remainder_int=\count332
\g__tblr_data_str_value_count_int=\count333
\rulewidth=\dimen272
\l__tblr_strut_dp_dim=\dimen273
\l__tblr_strut_ht_dim=\dimen274
\g__tblr_cell_wd_dim=\dimen275
\g__tblr_cell_ht_dim=\dimen276
\g__tblr_cell_head_dim=\dimen277
\g__tblr_cell_foot_dim=\dimen278
\l__column_target_dim=\dimen279
\l__tblr_caption_box=\box65
\l__tblr_caption_left_box=\box66
\l__tblr_row_head_box=\box67
\l__tblr_row_foot_box=\box68
\l__tblr_row_head_foot_dim=\dimen280
\tablewidth=\dimen281
\l__tblr_table_firsthead_box=\box69
\l__tblr_table_middlehead_box=\box70
\l__tblr_table_lasthead_box=\box71
\l__tblr_table_firstfoot_box=\box72
\l__tblr_table_middlefoot_box=\box73
\l__tblr_table_lastfoot_box=\box74
\l__tblr_remain_height_dim=\dimen282
\l__tblr_long_from_int=\count334
\l__tblr_long_to_int=\count335
\l__tblr_curr_i_int=\count336
\l__tblr_prev_i_int=\count337
\l__tblr_table_page_int=\count338
\l__tblr_table_head_box=\box75
\l__tblr_table_foot_box=\box76
\l__tblr_table_head_foot_dim=\dimen283
\l__tblr_table_head_body_foot_dim=\dimen284
\l__tblr_table_box=\box77
\l__tblr_table_hlines_box=\box78
\l__tblr_hline_box=\box79
\l__tblr_row_box=\box80
\l__tblr_col_o_wd_dim=\dimen285
\l__tblr_col_b_wd_dim=\dimen286
\l__tblr_hline_leftskip_dim=\dimen287
\l__tblr_hline_rightskip_dim=\dimen288
\l__tblr_row_ht_dim=\dimen289
\l__tblr_row_dp_dim=\dimen290
\l__tblr_row_abovesep_dim=\dimen291
\l__tblr_row_belowsep_dim=\dimen292
\l__tblr_row_vlines_box=\box81
\l__tblr_vline_box=\box82
\l__tblr_cell_box=\box83
\l__row_upper_dim=\dimen293
\l__row_lower_dim=\dimen294
\l__row_vpace_dim=\dimen295
\l__tblr_vline_aboveskip_dim=\dimen296
\l__tblr_vline_belowskip_dim=\dimen297
\l__tblr_cell_wd_dim=\dimen298
\l__tblr_cell_ht_dim=\dimen299
\l__tblr_diag_box=\box84
) (/usr/local/texlive/2025/texmf-dist/tex/latex/tools/longtable.sty
Package: longtable 2024-10-27 v4.22 Multi-page Table package (DPC)
\LTleft=\skip83
\LTright=\skip84
\LTpre=\skip85
\LTpost=\skip86
\LTchunksize=\count339
\LTcapwidth=\dimen300
\LT@head=\box85
\LT@firsthead=\box86
\LT@foot=\box87
\LT@lastfoot=\box88
\LT@gbox=\box89
\LT@cols=\count340
\LT@rows=\count341
\c@LT@tables=\count342
\c@LT@chunks=\count343
\LT@p@ftn=\toks30
) (/usr/local/texlive/2025/texmf-dist/tex/latex/float/float.sty
Package: float 2001/11/08 v1.3d Float enhancements (AL)
\c@float@type=\count344
\float@exts=\toks31
\float@box=\box90
\@float@everytoks=\toks32
\@floatcapt=\box91
) (/usr/local/texlive/2025/texmf-dist/tex/latex/xcolor/xcolor.sty
Package: xcolor 2024/09/29 v3.02 LaTeX color extensions (UK)
 (/usr/local/texlive/2025/texmf-dist/tex/latex/graphics-cfg/color.cfg
File: color.cfg 2016/01/02 v1.6 sample color configuration
)
Package xcolor Info: Driver file: xetex.def on input line 274.
 (/usr/local/texlive/2025/texmf-dist/tex/latex/graphics/mathcolor.ltx)
Package xcolor Info: Model `cmy' substituted by `cmy0' on input line 1349.
Package xcolor Info: Model `RGB' extended on input line 1365.
Package xcolor Info: Model `HTML' substituted by `rgb' on input line 1367.
Package xcolor Info: Model `Hsb' substituted by `hsb' on input line 1368.
Package xcolor Info: Model `tHsb' substituted by `hsb' on input line 1369.
Package xcolor Info: Model `HSB' substituted by `hsb' on input line 1370.
Package xcolor Info: Model `Gray' substituted by `gray' on input line 1371.
Package xcolor Info: Model `wave' substituted by `hsb' on input line 1372.
) (/usr/local/texlive/2025/texmf-dist/tex/latex/colortbl/colortbl.sty
Package: colortbl 2024/07/06 v1.0i Color table columns (DPC)
\everycr=\toks33
\minrowclearance=\skip87
) (/usr/local/texlive/2025/texmf-dist/tex/latex/cjk/texinput/ruby.sty
Package: ruby 2021/10/16 4.8.5


Package ctexhook Warning: Package `CJK' can not be loaded with `xeCJK'.

LaTeX Info: Package 'CJK.sty' has been disabled.
            Load request ignored on input line 31.
\ruby@width=\dimen301
) (./styles/numerals.tex (./submodules/latex-ideographic-description-character/styles/numerals.tex)) (./styles/idc.tex (./submodules/latex-ideographic-description-character/styles/idc.tex)) (/usr/local/texlive/2025/texmf-dist/tex/latex/tocloft/tocloft.sty
Package: tocloft 2017/08/31 v2.3i parameterised ToC, etc., typesetting
Package tocloft Info: The document has chapter divisions on input line 51.
\cftparskip=\skip88
\cftbeforetoctitleskip=\skip89
\cftaftertoctitleskip=\skip90
\cftbeforepartskip=\skip91
\cftpartnumwidth=\skip92
\cftpartindent=\skip93
\cftbeforechapskip=\skip94
\cftchapindent=\skip95
\cftchapnumwidth=\skip96
\cftbeforesecskip=\skip97
\cftsecindent=\skip98
\cftsecnumwidth=\skip99
\cftbeforesubsecskip=\skip100
\cftsubsecindent=\skip101
\cftsubsecnumwidth=\skip102
\cftbeforesubsubsecskip=\skip103
\cftsubsubsecindent=\skip104
\cftsubsubsecnumwidth=\skip105
\cftbeforeparaskip=\skip106
\cftparaindent=\skip107
\cftparanumwidth=\skip108
\cftbeforesubparaskip=\skip109
\cftsubparaindent=\skip110
\cftsubparanumwidth=\skip111
\cftbeforeloftitleskip=\skip112
\cftafterloftitleskip=\skip113
\cftbeforefigskip=\skip114
\cftfigindent=\skip115
\cftfignumwidth=\skip116
\c@lofdepth=\count345
\c@lotdepth=\count346
\cftbeforelottitleskip=\skip117
\cftafterlottitleskip=\skip118
\cftbeforetabskip=\skip119
\cfttabindent=\skip120
\cfttabnumwidth=\skip121
) (/usr/local/texlive/2025/texmf-dist/tex/latex/base/makeidx.sty
Package: makeidx 2021/10/04 v1.0m Standard LaTeX package
)
\@indexfile=\write3
\openout3 = `wongjim.idx'.


Writing index file wongjim.idx
(/usr/local/texlive/2025/texmf-dist/tex/latex/titlesec/titlesec.sty
Package: titlesec 2025/01/04 v2.17 Sectioning titles
\ttl@box=\box92
\beforetitleunit=\skip122
\aftertitleunit=\skip123
\ttl@plus=\dimen302
\ttl@minus=\dimen303
\ttl@toksa=\toks34
\titlewidth=\dimen304
\titlewidthlast=\dimen305
\titlewidthfirst=\dimen306
) (/usr/local/texlive/2025/texmf-dist/tex/latex/listings/listings.sty
\lst@mode=\count347
\lst@gtempboxa=\box93
\lst@token=\toks35
\lst@length=\count348
\lst@currlwidth=\dimen307
\lst@column=\count349
\lst@pos=\count350
\lst@lostspace=\dimen308
\lst@width=\dimen309
\lst@newlines=\count351
\lst@lineno=\count352
\lst@maxwidth=\dimen310
 (/usr/local/texlive/2025/texmf-dist/tex/latex/listings/lstpatch.sty
File: lstpatch.sty 2024/09/23 1.10c (Carsten Heinz)
) (/usr/local/texlive/2025/texmf-dist/tex/latex/listings/lstmisc.sty
File: lstmisc.sty 2024/09/23 1.10c (Carsten Heinz)
\c@lstnumber=\count353
\lst@skipnumbers=\count354
\lst@framebox=\box94
) (/usr/local/texlive/2025/texmf-dist/tex/latex/listings/listings.cfg
File: listings.cfg 2024/09/23 1.10c listings configuration
))
Package: listings 2024/09/23 1.10c (Carsten Heinz)
 (/usr/local/texlive/2025/texmf-dist/tex/xelatex/xecjk/xeCJK-listings.sty
Package: xeCJK-listings 2022/08/05 v3.9.1 xeCJK patch file for listings
\l__xeCJK_listings_max_char_int=\count355
\l__xeCJK_listings_flag_int=\count356
) (/usr/local/texlive/2025/texmf-dist/tex/latex/listings/lstlang1.sty
File: lstlang1.sty 2024/09/23 1.10c listings language file
) (/usr/local/texlive/2025/texmf-dist/tex/latex/genealogytree/genealogytree.sty
Package: genealogytree 2023/03/09 version 2.3.0 genealogy trees
 (/usr/local/texlive/2025/texmf-dist/tex/latex/l3packages/xfp/xfp.sty
Package: xfp 2024-08-16 L3 Floating point unit
) (/usr/local/texlive/2025/texmf-dist/tex/latex/tcolorbox/tcolorbox.sty
Package: tcolorbox 2024/10/22 version 6.4.1 text color boxes
 (/usr/local/texlive/2025/texmf-dist/tex/latex/pgf/frontendlayer/tikz.sty (/usr/local/texlive/2025/texmf-dist/tex/latex/pgf/basiclayer/pgf.sty (/usr/local/texlive/2025/texmf-dist/tex/latex/pgf/utilities/pgfrcs.sty (/usr/local/texlive/2025/texmf-dist/tex/generic/pgf/utilities/pgfutil-common.tex
\pgfutil@everybye=\toks36
\pgfutil@tempdima=\dimen311
\pgfutil@tempdimb=\dimen312
) (/usr/local/texlive/2025/texmf-dist/tex/generic/pgf/utilities/pgfutil-latex.def
\pgfutil@abb=\box95
) (/usr/local/texlive/2025/texmf-dist/tex/generic/pgf/utilities/pgfrcs.code.tex (/usr/local/texlive/2025/texmf-dist/tex/generic/pgf/pgf.revision.tex)
Package: pgfrcs 2023-01-15 v3.1.10 (3.1.10)
))
Package: pgf 2023-01-15 v3.1.10 (3.1.10)
 (/usr/local/texlive/2025/texmf-dist/tex/latex/pgf/basiclayer/pgfcore.sty (/usr/local/texlive/2025/texmf-dist/tex/latex/pgf/systemlayer/pgfsys.sty (/usr/local/texlive/2025/texmf-dist/tex/generic/pgf/systemlayer/pgfsys.code.tex
Package: pgfsys 2023-01-15 v3.1.10 (3.1.10)
 (/usr/local/texlive/2025/texmf-dist/tex/generic/pgf/utilities/pgfkeys.code.tex
\pgfkeys@pathtoks=\toks37
\pgfkeys@temptoks=\toks38
 (/usr/local/texlive/2025/texmf-dist/tex/generic/pgf/utilities/pgfkeyslibraryfiltered.code.tex
\pgfkeys@tmptoks=\toks39
))
\pgf@x=\dimen313
\pgf@y=\dimen314
\pgf@xa=\dimen315
\pgf@ya=\dimen316
\pgf@xb=\dimen317
\pgf@yb=\dimen318
\pgf@xc=\dimen319
\pgf@yc=\dimen320
\pgf@xd=\dimen321
\pgf@yd=\dimen322
\w@pgf@writea=\write4
\r@pgf@reada=\read2
\c@pgf@counta=\count357
\c@pgf@countb=\count358
\c@pgf@countc=\count359
\c@pgf@countd=\count360
\t@pgf@toka=\toks40
\t@pgf@tokb=\toks41
\t@pgf@tokc=\toks42
\pgf@sys@id@count=\count361
 (/usr/local/texlive/2025/texmf-dist/tex/generic/pgf/systemlayer/pgf.cfg
File: pgf.cfg 2023-01-15 v3.1.10 (3.1.10)
)
Driver file for pgf: pgfsys-xetex.def
 (/usr/local/texlive/2025/texmf-dist/tex/generic/pgf/systemlayer/pgfsys-xetex.def
File: pgfsys-xetex.def 2023-01-15 v3.1.10 (3.1.10)
 (/usr/local/texlive/2025/texmf-dist/tex/generic/pgf/systemlayer/pgfsys-dvipdfmx.def
File: pgfsys-dvipdfmx.def 2023-01-15 v3.1.10 (3.1.10)
 (/usr/local/texlive/2025/texmf-dist/tex/generic/pgf/systemlayer/pgfsys-common-pdf.def
File: pgfsys-common-pdf.def 2023-01-15 v3.1.10 (3.1.10)
)
\pgfsys@objnum=\count362
))) (/usr/local/texlive/2025/texmf-dist/tex/generic/pgf/systemlayer/pgfsyssoftpath.code.